<?xml version="1.0" encoding="UTF-8" ?>
<testsuites>

  <testsuite name="util.passwordEvaluator" errors="0" tests="7" failures="0" time="0.043" timestamp="Wed Jun 08 2016 08:39:43 GMT+0530 (IST)">
    
      <testcase assertions="0" classname="util.passwordEvaluator" name="should return 0 when password is really bad" time="0.002">
        
      </testcase>
    
      <testcase assertions="0" classname="util.passwordEvaluator" name="should return 1 when length is larger than 4" time="0.002">
        
      </testcase>
    
      <testcase assertions="0" classname="util.passwordEvaluator" name="should return 2 when length is larger than 8" time="0.002">
        
      </testcase>
    
      <testcase assertions="0" classname="util.passwordEvaluator" name="should return 1 when two character categories are used" time="0.016">
        
      </testcase>
    
      <testcase assertions="0" classname="util.passwordEvaluator" name="should return 2 when three character categories are used" time="0.003">
        
      </testcase>
    
      <testcase assertions="0" classname="util.passwordEvaluator" name="should return 1 when both character casing is used" time="0">
        
      </testcase>
    
      <testcase assertions="0" classname="util.passwordEvaluator" name="should return 5 when length is larger than 8, three character categories and both chararacter casings are used" time="0.001">
        
      </testcase>
    
  </testsuite>

</testsuites>