<?xml version="1.0" encoding="UTF-8" ?>
<testsuites>

  <testsuite name="util.random randomBelow" errors="0" tests="2" failures="0" time="0.004" timestamp="Sat Jun 04 2016 00:34:28 GMT+0530 (IST)">
    
      <testcase assertions="0" classname="util.random randomBelow" name="should multiply correctly" time="0.002">
        
      </testcase>
    
      <testcase assertions="0" classname="util.random randomBelow" name="should validate its arguments" time="0.002">
        
      </testcase>
    
  </testsuite>

</testsuites>