{"src/js/util/getBrownies.js":{"path":"src/js/util/getBrownies.js","s":{"1":1,"2":1,"3":0,"4":0,"5":0,"6":0,"7":0,"8":0,"9":0,"10":0,"11":0,"12":0},"b":{"1":[0,0],"2":[0,0]},"f":{"1":1,"2":0,"3":0,"4":0},"fnMap":{"1":{"name":"(anonymous_1)","line":5,"loc":{"start":{"line":5,"column":1},"end":{"line":5,"column":19}}},"2":{"name":"(anonymous_2)","line":9,"loc":{"start":{"line":9,"column":19},"end":{"line":9,"column":36}}},"3":{"name":"(anonymous_3)","line":23,"loc":{"start":{"line":23,"column":29},"end":{"line":23,"column":45}}},"4":{"name":"(anonymous_4)","line":29,"loc":{"start":{"line":29,"column":27},"end":{"line":29,"column":75}}}},"statementMap":{"1":{"start":{"line":5,"column":0},"end":{"line":43,"column":11}},"2":{"start":{"line":8,"column":4},"end":{"line":41,"column":6}},"3":{"start":{"line":10,"column":12},"end":{"line":38,"column":13}},"4":{"start":{"line":11,"column":16},"end":{"line":11,"column":31}},"5":{"start":{"line":12,"column":16},"end":{"line":12,"column":105}},"6":{"start":{"line":14,"column":16},"end":{"line":14,"column":47}},"7":{"start":{"line":16,"column":16},"end":{"line":32,"column":19}},"8":{"start":{"line":25,"column":24},"end":{"line":27,"column":25}},"9":{"start":{"line":26,"column":28},"end":{"line":26,"column":62}},"10":{"start":{"line":30,"column":24},"end":{"line":30,"column":35}},"11":{"start":{"line":34,"column":16},"end":{"line":34,"column":30}},"12":{"start":{"line":37,"column":16},"end":{"line":37,"column":25}}},"branchMap":{"1":{"line":10,"type":"if","locations":[{"start":{"line":10,"column":12},"end":{"line":10,"column":12}},{"start":{"line":10,"column":12},"end":{"line":10,"column":12}}]},"2":{"line":25,"type":"if","locations":[{"start":{"line":25,"column":24},"end":{"line":25,"column":24}},{"start":{"line":25,"column":24},"end":{"line":25,"column":24}}]}}},"src/js/util/passwordEvaluator.js":{"path":"src/js/util/passwordEvaluator.js","s":{"1":1,"2":1,"3":7,"4":7,"5":3,"6":7,"7":2,"8":7,"9":7,"10":7,"11":7,"12":7,"13":3,"14":7,"15":7,"16":7,"17":2,"18":7,"19":3,"20":7,"21":2,"22":7,"23":7,"24":7,"25":2,"26":7},"b":{"1":[3,4],"2":[2,5],"3":[7,4],"4":[7,0],"5":[3,4],"6":[7,0],"7":[2,5],"8":[3,4],"9":[2,5],"10":[7,0],"11":[7,5],"12":[2,5],"13":[7,7]},"f":{"1":1,"2":7},"fnMap":{"1":{"name":"(anonymous_1)","line":2,"loc":{"start":{"line":2,"column":1},"end":{"line":2,"column":19}}},"2":{"name":"(anonymous_2)","line":6,"loc":{"start":{"line":6,"column":18},"end":{"line":6,"column":38}}}},"statementMap":{"1":{"start":{"line":2,"column":0},"end":{"line":35,"column":11}},"2":{"start":{"line":5,"column":4},"end":{"line":34,"column":6}},"3":{"start":{"line":7,"column":12},"end":{"line":7,"column":104}},"4":{"start":{"line":8,"column":12},"end":{"line":10,"column":13}},"5":{"start":{"line":9,"column":16},"end":{"line":9,"column":28}},"6":{"start":{"line":11,"column":12},"end":{"line":13,"column":13}},"7":{"start":{"line":12,"column":16},"end":{"line":12,"column":28}},"8":{"start":{"line":14,"column":12},"end":{"line":14,"column":62}},"9":{"start":{"line":15,"column":12},"end":{"line":15,"column":68}},"10":{"start":{"line":16,"column":12},"end":{"line":16,"column":69}},"11":{"start":{"line":17,"column":12},"end":{"line":17,"column":30}},"12":{"start":{"line":18,"column":12},"end":{"line":18,"column":55}},"13":{"start":{"line":18,"column":34},"end":{"line":18,"column":53}},"14":{"start":{"line":19,"column":12},"end":{"line":19,"column":55}},"15":{"start":{"line":19,"column":34},"end":{"line":19,"column":53}},"16":{"start":{"line":20,"column":12},"end":{"line":20,"column":57}},"17":{"start":{"line":20,"column":36},"end":{"line":20,"column":55}},"18":{"start":{"line":21,"column":12},"end":{"line":23,"column":13}},"19":{"start":{"line":22,"column":16},"end":{"line":22,"column":28}},"20":{"start":{"line":24,"column":12},"end":{"line":26,"column":13}},"21":{"start":{"line":25,"column":16},"end":{"line":25,"column":28}},"22":{"start":{"line":27,"column":12},"end":{"line":27,"column":65}},"23":{"start":{"line":28,"column":12},"end":{"line":28,"column":65}},"24":{"start":{"line":29,"column":12},"end":{"line":31,"column":13}},"25":{"start":{"line":30,"column":16},"end":{"line":30,"column":28}},"26":{"start":{"line":32,"column":12},"end":{"line":32,"column":26}}},"branchMap":{"1":{"line":8,"type":"if","locations":[{"start":{"line":8,"column":12},"end":{"line":8,"column":12}},{"start":{"line":8,"column":12},"end":{"line":8,"column":12}}]},"2":{"line":11,"type":"if","locations":[{"start":{"line":11,"column":12},"end":{"line":11,"column":12}},{"start":{"line":11,"column":12},"end":{"line":11,"column":12}}]},"3":{"line":14,"type":"binary-expr","locations":[{"start":{"line":14,"column":26},"end":{"line":14,"column":47}},{"start":{"line":14,"column":51},"end":{"line":14,"column":53}}]},"4":{"line":15,"type":"binary-expr","locations":[{"start":{"line":15,"column":26},"end":{"line":15,"column":53}},{"start":{"line":15,"column":57},"end":{"line":15,"column":59}}]},"5":{"line":18,"type":"if","locations":[{"start":{"line":18,"column":12},"end":{"line":18,"column":12}},{"start":{"line":18,"column":12},"end":{"line":18,"column":12}}]},"6":{"line":19,"type":"if","locations":[{"start":{"line":19,"column":12},"end":{"line":19,"column":12}},{"start":{"line":19,"column":12},"end":{"line":19,"column":12}}]},"7":{"line":20,"type":"if","locations":[{"start":{"line":20,"column":12},"end":{"line":20,"column":12}},{"start":{"line":20,"column":12},"end":{"line":20,"column":12}}]},"8":{"line":21,"type":"if","locations":[{"start":{"line":21,"column":12},"end":{"line":21,"column":12}},{"start":{"line":21,"column":12},"end":{"line":21,"column":12}}]},"9":{"line":24,"type":"if","locations":[{"start":{"line":24,"column":12},"end":{"line":24,"column":12}},{"start":{"line":24,"column":12},"end":{"line":24,"column":12}}]},"10":{"line":27,"type":"binary-expr","locations":[{"start":{"line":27,"column":26},"end":{"line":27,"column":50}},{"start":{"line":27,"column":54},"end":{"line":27,"column":56}}]},"11":{"line":28,"type":"binary-expr","locations":[{"start":{"line":28,"column":26},"end":{"line":28,"column":50}},{"start":{"line":28,"column":54},"end":{"line":28,"column":56}}]},"12":{"line":29,"type":"if","locations":[{"start":{"line":29,"column":12},"end":{"line":29,"column":12}},{"start":{"line":29,"column":12},"end":{"line":29,"column":12}}]},"13":{"line":29,"type":"binary-expr","locations":[{"start":{"line":29,"column":16},"end":{"line":29,"column":30}},{"start":{"line":29,"column":34},"end":{"line":29,"column":48}}]}}},"src/js/util/random.js":{"path":"src/js/util/random.js","s":{"1":1,"2":1,"3":3,"4":1,"5":2},"b":{"1":[1,2]},"f":{"1":1,"2":3},"fnMap":{"1":{"name":"(anonymous_1)","line":2,"loc":{"start":{"line":2,"column":1},"end":{"line":2,"column":17}}},"2":{"name":"(anonymous_2)","line":5,"loc":{"start":{"line":5,"column":23},"end":{"line":5,"column":36}}}},"statementMap":{"1":{"start":{"line":2,"column":0},"end":{"line":11,"column":9}},"2":{"start":{"line":5,"column":4},"end":{"line":10,"column":6}},"3":{"start":{"line":6,"column":8},"end":{"line":8,"column":9}},"4":{"start":{"line":7,"column":12},"end":{"line":7,"column":43}},"5":{"start":{"line":9,"column":8},"end":{"line":9,"column":45}}},"branchMap":{"1":{"line":6,"type":"if","locations":[{"start":{"line":6,"column":8},"end":{"line":6,"column":8}},{"start":{"line":6,"column":8},"end":{"line":6,"column":8}}]}}}}