TN:
SF:src/js/util/getBrownies.js
FN:5,(anonymous_1)
FN:9,(anonymous_2)
FN:23,(anonymous_3)
FN:29,(anonymous_4)
FNF:4
FNH:3
FNDA:1,(anonymous_1)
FNDA:1,(anonymous_2)
FNDA:0,(anonymous_3)
FNDA:1,(anonymous_4)
DA:5,1
DA:8,1
DA:10,1
DA:11,1
DA:12,1
DA:14,1
DA:16,1
DA:25,0
DA:26,0
DA:30,1
DA:34,1
DA:37,0
LF:12
LH:9
BRDA:10,1,0,1
BRDA:10,1,1,0
BRDA:25,2,0,0
BRDA:25,2,1,0
BRF:4
BRH:1
end_of_record
TN:
SF:src/js/util/passwordEvaluator.js
FN:2,(anonymous_1)
FN:6,(anonymous_2)
FNF:2
FNH:2
FNDA:1,(anonymous_1)
FNDA:7,(anonymous_2)
DA:2,1
DA:5,1
DA:7,7
DA:8,7
DA:9,3
DA:11,7
DA:12,2
DA:14,7
DA:15,7
DA:16,7
DA:17,7
DA:18,7
DA:19,7
DA:20,7
DA:21,7
DA:22,3
DA:24,7
DA:25,2
DA:27,7
DA:28,7
DA:29,7
DA:30,2
DA:32,7
LF:23
LH:23
BRDA:8,1,0,3
BRDA:8,1,1,4
BRDA:11,2,0,2
BRDA:11,2,1,5
BRDA:14,3,0,7
BRDA:14,3,1,4
BRDA:15,4,0,7
BRDA:15,4,1,0
BRDA:18,5,0,3
BRDA:18,5,1,4
BRDA:19,6,0,7
BRDA:19,6,1,0
BRDA:20,7,0,2
BRDA:20,7,1,5
BRDA:21,8,0,3
BRDA:21,8,1,4
BRDA:24,9,0,2
BRDA:24,9,1,5
BRDA:27,10,0,7
BRDA:27,10,1,0
BRDA:28,11,0,7
BRDA:28,11,1,5
BRDA:29,12,0,2
BRDA:29,12,1,5
BRDA:29,13,0,7
BRDA:29,13,1,7
BRF:26
BRH:23
end_of_record
TN:
SF:src/js/util/random.js
FN:2,(anonymous_1)
FN:5,(anonymous_2)
FNF:2
FNH:2
FNDA:1,(anonymous_1)
FNDA:3,(anonymous_2)
DA:2,1
DA:5,1
DA:6,3
DA:7,1
DA:9,2
LF:5
LH:5
BRDA:6,1,0,1
BRDA:6,1,1,2
BRF:2
BRH:2
end_of_record
