<?xml version="1.0" ?>
<!DOCTYPE coverage SYSTEM "http://cobertura.sourceforge.net/xml/coverage-04.dtd">
<coverage lines-valid="40"  lines-covered="37"  line-rate="0.925"  branches-valid="32"  branches-covered="26"  branch-rate="0.8125"  timestamp="1465118935090" complexity="0" version="0.1">
<sources>
	<source>/home/ashokb/hero/jasmine</source>
</sources>
<packages>
	<package name="util"  line-rate="0.925"  branch-rate="0.8125" >
	<classes>
		<class name="getBrownies.js"  filename="src/js/util/getBrownies.js"  line-rate="0.75"  branch-rate="0.25" >
		<methods>
			<method name="(anonymous_1)"  hits="1"  signature="()V" >
				<lines><line number="5"  hits="1" /></lines>
			</method>
			<method name="(anonymous_2)"  hits="1"  signature="()V" >
				<lines><line number="9"  hits="1" /></lines>
			</method>
			<method name="(anonymous_3)"  hits="0"  signature="()V" >
				<lines><line number="23"  hits="0" /></lines>
			</method>
			<method name="(anonymous_4)"  hits="1"  signature="()V" >
				<lines><line number="29"  hits="1" /></lines>
			</method>
		</methods>
		<lines>
			<line number="5"  hits="1"  branch="false" />
			<line number="8"  hits="1"  branch="false" />
			<line number="10"  hits="1"  branch="true"  condition-coverage="50% (1/2)" />
			<line number="11"  hits="1"  branch="false" />
			<line number="12"  hits="1"  branch="false" />
			<line number="14"  hits="1"  branch="false" />
			<line number="16"  hits="1"  branch="false" />
			<line number="25"  hits="0"  branch="true"  condition-coverage="0% (0/2)" />
			<line number="26"  hits="0"  branch="false" />
			<line number="30"  hits="1"  branch="false" />
			<line number="34"  hits="1"  branch="false" />
			<line number="37"  hits="0"  branch="false" />
		</lines>
		</class>
		<class name="passwordEvaluator.js"  filename="src/js/util/passwordEvaluator.js"  line-rate="1"  branch-rate="0.8845999999999999" >
		<methods>
			<method name="(anonymous_1)"  hits="1"  signature="()V" >
				<lines><line number="2"  hits="1" /></lines>
			</method>
			<method name="(anonymous_2)"  hits="7"  signature="()V" >
				<lines><line number="6"  hits="7" /></lines>
			</method>
		</methods>
		<lines>
			<line number="2"  hits="1"  branch="false" />
			<line number="5"  hits="1"  branch="false" />
			<line number="7"  hits="7"  branch="false" />
			<line number="8"  hits="7"  branch="true"  condition-coverage="100% (2/2)" />
			<line number="9"  hits="3"  branch="false" />
			<line number="11"  hits="7"  branch="true"  condition-coverage="100% (2/2)" />
			<line number="12"  hits="2"  branch="false" />
			<line number="14"  hits="7"  branch="true"  condition-coverage="100% (2/2)" />
			<line number="15"  hits="7"  branch="true"  condition-coverage="50% (1/2)" />
			<line number="16"  hits="7"  branch="false" />
			<line number="17"  hits="7"  branch="false" />
			<line number="18"  hits="7"  branch="true"  condition-coverage="100% (2/2)" />
			<line number="19"  hits="7"  branch="true"  condition-coverage="50% (1/2)" />
			<line number="20"  hits="7"  branch="true"  condition-coverage="100% (2/2)" />
			<line number="21"  hits="7"  branch="true"  condition-coverage="100% (2/2)" />
			<line number="22"  hits="3"  branch="false" />
			<line number="24"  hits="7"  branch="true"  condition-coverage="100% (2/2)" />
			<line number="25"  hits="2"  branch="false" />
			<line number="27"  hits="7"  branch="true"  condition-coverage="50% (1/2)" />
			<line number="28"  hits="7"  branch="true"  condition-coverage="100% (2/2)" />
			<line number="29"  hits="7"  branch="true"  condition-coverage="100% (4/4)" />
			<line number="30"  hits="2"  branch="false" />
			<line number="32"  hits="7"  branch="false" />
		</lines>
		</class>
		<class name="random.js"  filename="src/js/util/random.js"  line-rate="1"  branch-rate="1" >
		<methods>
			<method name="(anonymous_1)"  hits="1"  signature="()V" >
				<lines><line number="2"  hits="1" /></lines>
			</method>
			<method name="(anonymous_2)"  hits="3"  signature="()V" >
				<lines><line number="5"  hits="3" /></lines>
			</method>
		</methods>
		<lines>
			<line number="2"  hits="1"  branch="false" />
			<line number="5"  hits="1"  branch="false" />
			<line number="6"  hits="3"  branch="true"  condition-coverage="100% (2/2)" />
			<line number="7"  hits="1"  branch="false" />
			<line number="9"  hits="2"  branch="false" />
		</lines>
		</class>
	</classes>
	</package>
</packages>
</coverage>
